<?xml version="1.0" encoding="UTF-8"?>
<!-- Generated by org.testng.reporters.JUnitReportReporter -->
<testsuite hostname="LAPTOP-LUS4N0CT" name="org.jiratestng.JiraTestNg" tests="5" failures="0" timestamp="19 Aug 2022 23:44:14 GMT" time="4.572" errors="0">
  <testcase name="createissue" time="0.939" classname="org.jiratestng.JiraTestNg"/>
  <testcase name="createsession" time="2.731" classname="org.jiratestng.JiraTestNg"/>
  <testcase name="getcomments" time="0.572" classname="org.jiratestng.JiraTestNg"/>
  <testcase name="addcomment" time="0.127" classname="org.jiratestng.JiraTestNg"/>
  <testcase name="Addattachement" time="0.203" classname="org.jiratestng.JiraTestNg"/>
</testsuite> <!-- org.jiratestng.JiraTestNg -->
