<?xml version="1.0" encoding="UTF-8"?>
<!-- Generated by org.testng.reporters.JUnitReportReporter -->
<testsuite hostname="LAPTOP-LUS4N0CT" name="org.jiratestng.JiraTestNg" tests="3" failures="0" timestamp="18 Aug 2022 21:31:25 GMT" time="3.305" errors="0">
  <testcase name="createissue" time="0.864" classname="org.jiratestng.JiraTestNg"/>
  <testcase name="addcomment" time="0.094" classname="org.jiratestng.JiraTestNg"/>
  <testcase name="createsession" time="2.347" classname="org.jiratestng.JiraTestNg"/>
</testsuite> <!-- org.jiratestng.JiraTestNg -->
