<?xml version="1.0" encoding="UTF-8"?>
<!-- Generated by org.testng.reporters.JUnitReportReporter -->
<testsuite hostname="LAPTOP-LUS4N0CT" name="org.petstore.TestNgModelApi" tests="3" failures="0" timestamp="17 Aug 2022 22:51:58 GMT" time="6.456" errors="0">
  <testcase name="addpet" time="3.881" classname="org.petstore.TestNgModelApi"/>
  <testcase name="update" time="1.242" classname="org.petstore.TestNgModelApi"/>
  <testcase name="getid" time="1.333" classname="org.petstore.TestNgModelApi"/>
</testsuite> <!-- org.petstore.TestNgModelApi -->
